<?xml version="1.0" encoding="UTF-8"?>
<testsuite xmlns:xsi="http://www.w3.org/2001/XMLSchema-instance" xsi:noNamespaceSchemaLocation="https://maven.apache.org/surefire/maven-surefire-plugin/xsd/surefire-test-report.xsd" name="com.irving.WebApplicationTests" time="1.415" tests="1" errors="1" skipped="0" failures="0">
  <properties>
[...]
</properties>
  <testcase name="contextLoads" classname="com.irving.WebApplicationTests" time="0.001">
    <error message="org/springframework/boot/bind/RelaxedDataBinder" type="java.lang.NoClassDefFoundError">java.lang.NoClassDefFoundError: org/springframework/boot/bind/RelaxedDataBinder
Caused by: java.lang.ClassNotFoundException: org.springframework.boot.bind.RelaxedDataBinder
</error>
    <system-out><![CDATA[16:11:43.031 [main] DEBUG org.springframework.test.context.junit4.SpringJUnit4ClassRunner - SpringJUnit4ClassRunner constructor called with [class com.irving.WebApplicationTests]
16:11:43.037 [main] DEBUG org.springframework.test.context.BootstrapUtils - Instantiating CacheAwareContextLoaderDelegate from class [org.springframework.test.context.cache.DefaultCacheAwareContextLoaderDelegate]
16:11:43.045 [main] DEBUG org.springframework.test.context.BootstrapUtils - Instantiating BootstrapContext using constructor [public org.springframework.test.context.support.DefaultBootstrapContext(java.lang.Class,org.springframework.test.context.CacheAwareContextLoaderDelegate)]
16:11:43.063 [main] DEBUG org.springframework.test.context.BootstrapUtils - Instantiating TestContextBootstrapper for test class [com.irving.WebApplicationTests] from class [org.springframework.boot.test.context.SpringBootTestContextBootstrapper]
16:11:43.076 [main] INFO org.springframework.boot.test.context.SpringBootTestContextBootstrapper - Neither @ContextConfiguration nor @ContextHierarchy found for test class [com.irving.WebApplicationTests], using SpringBootContextLoader
16:11:43.080 [main] DEBUG org.springframework.test.context.support.AbstractContextLoader - Did not detect default resource location for test class [com.irving.WebApplicationTests]: class path resource [com/irving/WebApplicationTests-context.xml] does not exist
16:11:43.080 [main] DEBUG org.springframework.test.context.support.AbstractContextLoader - Did not detect default resource location for test class [com.irving.WebApplicationTests]: class path resource [com/irving/WebApplicationTestsContext.groovy] does not exist
16:11:43.081 [main] INFO org.springframework.test.context.support.AbstractContextLoader - Could not detect default resource locations for test class [com.irving.WebApplicationTests]: no resource found for suffixes {-context.xml, Context.groovy}.
16:11:43.081 [main] INFO org.springframework.test.context.support.AnnotationConfigContextLoaderUtils - Could not detect default configuration classes for test class [com.irving.WebApplicationTests]: WebApplicationTests does not declare any static, non-private, non-final, nested classes annotated with @Configuration.
16:11:43.121 [main] DEBUG org.springframework.test.context.support.ActiveProfilesUtils - Could not find an 'annotation declaring class' for annotation type [org.springframework.test.context.ActiveProfiles] and class [com.irving.WebApplicationTests]
16:11:43.130 [main] DEBUG org.springframework.core.env.StandardEnvironment - Adding PropertySource 'systemProperties' with lowest search precedence
16:11:43.131 [main] DEBUG org.springframework.core.env.StandardEnvironment - Adding PropertySource 'systemEnvironment' with lowest search precedence
16:11:43.132 [main] DEBUG org.springframework.core.env.StandardEnvironment - Initialized StandardEnvironment with PropertySources [MapPropertySource@326298949 {name='systemProperties', properties={idea.version=2018.1.6, java.runtime.name=Java(TM) SE Runtime Environment, sun.boot.library.path=D:\software\JDK1.8\jre\bin, java.vm.version=25.91-b14, java.vm.vendor=Oracle Corporation, java.vendor.url=http://java.oracle.com/, path.separator=;, java.vm.name=Java HotSpot(TM) 64-Bit Server VM, file.encoding.pkg=sun.io, user.country=CN, user.script=, sun.java.launcher=SUN_STANDARD, sun.os.patch.level=, java.vm.specification.name=Java Virtual Machine Specification, user.dir=D:\Irving'sFiles\work\self-test\micro-service-master\service-web, java.runtime.version=1.8.0_91-b14, basedir=D:\Irving'sFiles\work\self-test\micro-service-master\service-web, java.awt.graphicsenv=sun.awt.Win32GraphicsEnvironment, java.endorsed.dirs=D:\software\JDK1.8\jre\lib\endorsed, os.arch=amd64, surefire.real.class.path=C:\Users\irving.ma\AppData\Local\Temp\surefire5015183781992260368\surefirebooter305666716543776096.jar, java.io.tmpdir=C:\Users\irving.ma\AppData\Local\Temp\, line.separator=
, java.vm.specification.vendor=Oracle Corporation, user.variant=, os.name=Windows 10, sun.jnu.encoding=GBK, java.library.path=D:\software\JDK1.8\jre\bin;C:\Windows\Sun\Java\bin;C:\Windows\system32;C:\Windows;D:\software\XShell6\Xlpd 6\;D:\software\XShell6\Xshell 6\;D:\software\XShell6\Xmanager 6\;D:\software\JDK1.8\bin;C:\ProgramData\Oracle\Java\javapath;C:\Windows\system32;C:\Windows;C:\Windows\System32\Wbem;C:\Windows\System32\WindowsPowerShell\v1.0\;C:\Windows\System32\OpenSSH\;C:\Program Files (x86)\NVIDIA Corporation\PhysX\Common;D:\software\JDK1.8\bin;D:\software\apache-maven-3.3.9\bin;D:\software\mysql-8.0.12\bin;C:\Program Files\TortoiseSVN\bin;D:\software\mysql5.5\bin;D:\software\mysql-5.6.38-winx64\bin;D:\software\apache-ant-1.10.5\bin;D:\software\nodejs\;C:\Users\irving.ma\AppData\Local\Programs\Python\Python37\Scripts\;C:\Users\irving.ma\AppData\Local\Programs\Python\Python37\;D:\software\JDK1.8\bin;C:\ProgramData\Oracle\Java\javapath;C:\Windows\system32;C:\Windows;C:\Windows\System32\Wbem;C:\Windows\System32\WindowsPowerShell\v1.0\;C:\Windows\System32\OpenSSH\;C:\Program Files (x86)\NVIDIA Corporation\PhysX\Common;D:\software\apache-maven-3.3.9\bin;D:\software\mysql-8.0.12\bin;D:\software\nodejs\;C:\Program Files\TortoiseSVN\bin;C:\Users\irving.ma\AppData\Local\Microsoft\WindowsApps;C:\Users\irving.ma\AppData\Local\atom\bin;C:\Users\irving.ma\AppData\Local\Turbo\Cmd\;C:\Users\irving.ma\AppData\Roaming\npm;., surefire.test.class.path=D:\Irving'sFiles\work\self-test\micro-service-master\service-web\target\test-classes;D:\Irving'sFiles\work\self-test\micro-service-master\service-web\target\classes;D:\software\mavenRepository\org\springframework\boot\spring-boot-starter\2.0.4.RELEASE\spring-boot-starter-2.0.4.RELEASE.jar;D:\software\mavenRepository\org\springframework\boot\spring-boot\2.0.4.RELEASE\spring-boot-2.0.4.RELEASE.jar;D:\software\mavenRepository\org\springframework\spring-context\5.0.8.RELEASE\spring-context-5.0.8.RELEASE.jar;D:\software\mavenRepository\org\springframework\boot\spring-boot-autoconfigure\2.0.4.RELEASE\spring-boot-autoconfigure-2.0.4.RELEASE.jar;D:\software\mavenRepository\org\springframework\boot\spring-boot-starter-logging\2.0.4.RELEASE\spring-boot-starter-logging-2.0.4.RELEASE.jar;D:\software\mavenRepository\ch\qos\logback\logback-classic\1.2.3\logback-classic-1.2.3.jar;D:\software\mavenRepository\ch\qos\logback\logback-core\1.2.3\logback-core-1.2.3.jar;D:\software\mavenRepository\org\apache\logging\log4j\log4j-to-slf4j\2.10.0\log4j-to-slf4j-2.10.0.jar;D:\software\mavenRepository\org\apache\logging\log4j\log4j-api\2.10.0\log4j-api-2.10.0.jar;D:\software\mavenRepository\org\slf4j\jul-to-slf4j\1.7.25\jul-to-slf4j-1.7.25.jar;D:\software\mavenRepository\javax\annotation\javax.annotation-api\1.3.2\javax.annotation-api-1.3.2.jar;D:\software\mavenRepository\org\springframework\spring-core\5.0.8.RELEASE\spring-core-5.0.8.RELEASE.jar;D:\software\mavenRepository\org\springframework\spring-jcl\5.0.8.RELEASE\spring-jcl-5.0.8.RELEASE.jar;D:\software\mavenRepository\org\yaml\snakeyaml\1.19\snakeyaml-1.19.jar;D:\software\mavenRepository\org\springframework\boot\spring-boot-starter-test\2.0.4.RELEASE\spring-boot-starter-test-2.0.4.RELEASE.jar;D:\software\mavenRepository\org\springframework\boot\spring-boot-test\2.0.4.RELEASE\spring-boot-test-2.0.4.RELEASE.jar;D:\software\mavenRepository\org\springframework\boot\spring-boot-test-autoconfigure\2.0.4.RELEASE\spring-boot-test-autoconfigure-2.0.4.RELEASE.jar;D:\software\mavenRepository\com\jayway\jsonpath\json-path\2.4.0\json-path-2.4.0.jar;D:\software\mavenRepository\net\minidev\json-smart\2.3\json-smart-2.3.jar;D:\software\mavenRepository\net\minidev\accessors-smart\1.2\accessors-smart-1.2.jar;D:\software\mavenRepository\org\ow2\asm\asm\5.0.4\asm-5.0.4.jar;D:\software\mavenRepository\org\slf4j\slf4j-api\1.7.25\slf4j-api-1.7.25.jar;D:\software\mavenRepository\junit\junit\4.12\junit-4.12.jar;D:\software\mavenRepository\org\assertj\assertj-core\3.9.1\assertj-core-3.9.1.jar;D:\software\mavenRepository\org\mockito\mockito-core\2.15.0\mockito-core-2.15.0.jar;D:\software\mavenRepository\net\bytebuddy\byte-buddy\1.7.11\byte-buddy-1.7.11.jar;D:\software\mavenRepository\net\bytebuddy\byte-buddy-agent\1.7.11\byte-buddy-agent-1.7.11.jar;D:\software\mavenRepository\org\objenesis\objenesis\2.6\objenesis-2.6.jar;D:\software\mavenRepository\org\hamcrest\hamcrest-core\1.3\hamcrest-core-1.3.jar;D:\software\mavenRepository\org\hamcrest\hamcrest-library\1.3\hamcrest-library-1.3.jar;D:\software\mavenRepository\org\skyscreamer\jsonassert\1.5.0\jsonassert-1.5.0.jar;D:\software\mavenRepository\com\vaadin\external\google\android-json\0.0.20131108.vaadin1\android-json-0.0.20131108.vaadin1.jar;D:\software\mavenRepository\org\springframework\spring-test\5.0.8.RELEASE\spring-test-5.0.8.RELEASE.jar;D:\software\mavenRepository\org\xmlunit\xmlunit-core\2.5.1\xmlunit-core-2.5.1.jar;D:\software\mavenRepository\org\springframework\boot\spring-boot-starter-web\2.0.4.RELEASE\spring-boot-starter-web-2.0.4.RELEASE.jar;D:\software\mavenRepository\org\springframework\boot\spring-boot-starter-json\2.0.4.RELEASE\spring-boot-starter-json-2.0.4.RELEASE.jar;D:\software\mavenRepository\com\fasterxml\jackson\core\jackson-databind\2.9.6\jackson-databind-2.9.6.jar;D:\software\mavenRepository\com\fasterxml\jackson\core\jackson-annotations\2.9.0\jackson-annotations-2.9.0.jar;D:\software\mavenRepository\com\fasterxml\jackson\core\jackson-core\2.9.6\jackson-core-2.9.6.jar;D:\software\mavenRepository\com\fasterxml\jackson\datatype\jackson-datatype-jdk8\2.9.6\jackson-datatype-jdk8-2.9.6.jar;D:\software\mavenRepository\com\fasterxml\jackson\datatype\jackson-datatype-jsr310\2.9.6\jackson-datatype-jsr310-2.9.6.jar;D:\software\mavenRepository\com\fasterxml\jackson\module\jackson-module-parameter-names\2.9.6\jackson-module-parameter-names-2.9.6.jar;D:\software\mavenRepository\org\springframework\boot\spring-boot-starter-tomcat\2.0.4.RELEASE\spring-boot-starter-tomcat-2.0.4.RELEASE.jar;D:\software\mavenRepository\org\apache\tomcat\embed\tomcat-embed-core\8.5.32\tomcat-embed-core-8.5.32.jar;D:\software\mavenRepository\org\apache\tomcat\embed\tomcat-embed-el\8.5.32\tomcat-embed-el-8.5.32.jar;D:\software\mavenRepository\org\apache\tomcat\embed\tomcat-embed-websocket\8.5.32\tomcat-embed-websocket-8.5.32.jar;D:\software\mavenRepository\org\hibernate\validator\hibernate-validator\6.0.11.Final\hibernate-validator-6.0.11.Final.jar;D:\software\mavenRepository\javax\validation\validation-api\2.0.1.Final\validation-api-2.0.1.Final.jar;D:\software\mavenRepository\org\jboss\logging\jboss-logging\3.3.2.Final\jboss-logging-3.3.2.Final.jar;D:\software\mavenRepository\com\fasterxml\classmate\1.3.4\classmate-1.3.4.jar;D:\software\mavenRepository\org\springframework\spring-web\5.0.8.RELEASE\spring-web-5.0.8.RELEASE.jar;D:\software\mavenRepository\org\springframework\spring-beans\5.0.8.RELEASE\spring-beans-5.0.8.RELEASE.jar;D:\software\mavenRepository\org\springframework\spring-webmvc\5.0.8.RELEASE\spring-webmvc-5.0.8.RELEASE.jar;D:\software\mavenRepository\org\springframework\spring-aop\5.0.8.RELEASE\spring-aop-5.0.8.RELEASE.jar;D:\software\mavenRepository\org\springframework\spring-expression\5.0.8.RELEASE\spring-expression-5.0.8.RELEASE.jar;D:\software\mavenRepository\com\alibaba\druid\1.0.28\druid-1.0.28.jar;D:\software\JDK1.8\jre\..\lib\jconsole.jar;D:\software\JDK1.8\jre\..\lib\tools.jar;D:\software\mavenRepository\org\mybatis\spring\boot\mybatis-spring-boot-starter\1.3.0\mybatis-spring-boot-starter-1.3.0.jar;D:\software\mavenRepository\org\springframework\boot\spring-boot-starter-jdbc\2.0.4.RELEASE\spring-boot-starter-jdbc-2.0.4.RELEASE.jar;D:\software\mavenRepository\com\zaxxer\HikariCP\2.7.9\HikariCP-2.7.9.jar;D:\software\mavenRepository\org\springframework\spring-jdbc\5.0.8.RELEASE\spring-jdbc-5.0.8.RELEASE.jar;D:\software\mavenRepository\org\springframework\spring-tx\5.0.8.RELEASE\spring-tx-5.0.8.RELEASE.jar;D:\software\mavenRepository\org\mybatis\spring\boot\mybatis-spring-boot-autoconfigure\1.3.0\mybatis-spring-boot-autoconfigure-1.3.0.jar;D:\software\mavenRepository\org\mybatis\mybatis\3.4.4\mybatis-3.4.4.jar;D:\software\mavenRepository\org\mybatis\mybatis-spring\1.3.1\mybatis-spring-1.3.1.jar;D:\software\mavenRepository\mysql\mysql-connector-java\5.1.38\mysql-connector-java-5.1.38.jar;D:\software\mavenRepository\org\springframework\cloud\spring-cloud-commons\1.3.0.RELEASE\spring-cloud-commons-1.3.0.RELEASE.jar;D:\software\mavenRepository\org\springframework\security\spring-security-crypto\5.0.7.RELEASE\spring-security-crypto-5.0.7.RELEASE.jar;D:\software\mavenRepository\org\apache\httpcomponents\httpclient\4.5.6\httpclient-4.5.6.jar;D:\software\mavenRepository\org\apache\httpcomponents\httpcore\4.4.10\httpcore-4.4.10.jar;D:\software\mavenRepository\commons-codec\commons-codec\1.11\commons-codec-1.11.jar;D:\software\mavenRepository\org\springframework\cloud\spring-cloud-netflix-eureka-client\1.3.4.RELEASE\spring-cloud-netflix-eureka-client-1.3.4.RELEASE.jar;D:\software\mavenRepository\org\springframework\cloud\spring-cloud-netflix-core\1.3.4.RELEASE\spring-cloud-netflix-core-1.3.4.RELEASE.jar;, java.specification.name=Java Platform API Specification, java.class.version=52.0, sun.management.compiler=HotSpot 64-Bit Tiered Compilers, maven.repo.local=D:\software\mavenRepository, os.version=10.0, user.home=C:\Users\irving.ma, user.timezone=Asia/Shanghai, java.awt.printerjob=sun.awt.windows.WPrinterJob, file.encoding=GBK, java.specification.version=1.8, java.class.path=D:\Irving'sFiles\work\self-test\micro-service-master\service-web\target\test-classes;D:\Irving'sFiles\work\self-test\micro-service-master\service-web\target\classes;D:\software\mavenRepository\org\springframework\boot\spring-boot-starter\2.0.4.RELEASE\spring-boot-starter-2.0.4.RELEASE.jar;D:\software\mavenRepository\org\springframework\boot\spring-boot\2.0.4.RELEASE\spring-boot-2.0.4.RELEASE.jar;D:\software\mavenRepository\org\springframework\spring-context\5.0.8.RELEASE\spring-context-5.0.8.RELEASE.jar;D:\software\mavenRepository\org\springframework\boot\spring-boot-autoconfigure\2.0.4.RELEASE\spring-boot-autoconfigure-2.0.4.RELEASE.jar;D:\software\mavenRepository\org\springframework\boot\spring-boot-starter-logging\2.0.4.RELEASE\spring-boot-starter-logging-2.0.4.RELEASE.jar;D:\software\mavenRepository\ch\qos\logback\logback-classic\1.2.3\logback-classic-1.2.3.jar;D:\software\mavenRepository\ch\qos\logback\logback-core\1.2.3\logback-core-1.2.3.jar;D:\software\mavenRepository\org\apache\logging\log4j\log4j-to-slf4j\2.10.0\log4j-to-slf4j-2.10.0.jar;D:\software\mavenRepository\org\apache\logging\log4j\log4j-api\2.10.0\log4j-api-2.10.0.jar;D:\software\mavenRepository\org\slf4j\jul-to-slf4j\1.7.25\jul-to-slf4j-1.7.25.jar;D:\software\mavenRepository\javax\annotation\javax.annotation-api\1.3.2\javax.annotation-api-1.3.2.jar;D:\software\mavenRepository\org\springframework\spring-core\5.0.8.RELEASE\spring-core-5.0.8.RELEASE.jar;D:\software\mavenRepository\org\springframework\spring-jcl\5.0.8.RELEASE\spring-jcl-5.0.8.RELEASE.jar;D:\software\mavenRepository\org\yaml\snakeyaml\1.19\snakeyaml-1.19.jar;D:\software\mavenRepository\org\springframework\boot\spring-boot-starter-test\2.0.4.RELEASE\spring-boot-starter-test-2.0.4.RELEASE.jar;D:\software\mavenRepository\org\springframework\boot\spring-boot-test\2.0.4.RELEASE\spring-boot-test-2.0.4.RELEASE.jar;D:\software\mavenRepository\org\springframework\boot\spring-boot-test-autoconfigure\2.0.4.RELEASE\spring-boot-test-autoconfigure-2.0.4.RELEASE.jar;D:\software\mavenRepository\com\jayway\jsonpath\json-path\2.4.0\json-path-2.4.0.jar;D:\software\mavenRepository\net\minidev\json-smart\2.3\json-smart-2.3.jar;D:\software\mavenRepository\net\minidev\accessors-smart\1.2\accessors-smart-1.2.jar;D:\software\mavenRepository\org\ow2\asm\asm\5.0.4\asm-5.0.4.jar;D:\software\mavenRepository\org\slf4j\slf4j-api\1.7.25\slf4j-api-1.7.25.jar;D:\software\mavenRepository\junit\junit\4.12\junit-4.12.jar;D:\software\mavenRepository\org\assertj\assertj-core\3.9.1\assertj-core-3.9.1.jar;D:\software\mavenRepository\org\mockito\mockito-core\2.15.0\mockito-core-2.15.0.jar;D:\software\mavenRepository\net\bytebuddy\byte-buddy\1.7.11\byte-buddy-1.7.11.jar;D:\software\mavenRepository\net\bytebuddy\byte-buddy-agent\1.7.11\byte-buddy-agent-1.7.11.jar;D:\software\mavenRepository\org\objenesis\objenesis\2.6\objenesis-2.6.jar;D:\software\mavenRepository\org\hamcrest\hamcrest-core\1.3\hamcrest-core-1.3.jar;D:\software\mavenRepository\org\hamcrest\hamcrest-library\1.3\hamcrest-library-1.3.jar;D:\software\mavenRepository\org\skyscreamer\jsonassert\1.5.0\jsonassert-1.5.0.jar;D:\software\mavenRepository\com\vaadin\external\google\android-json\0.0.20131108.vaadin1\android-json-0.0.20131108.vaadin1.jar;D:\software\mavenRepository\org\springframework\spring-test\5.0.8.RELEASE\spring-test-5.0.8.RELEASE.jar;D:\software\mavenRepository\org\xmlunit\xmlunit-core\2.5.1\xmlunit-core-2.5.1.jar;D:\software\mavenRepository\org\springframework\boot\spring-boot-starter-web\2.0.4.RELEASE\spring-boot-starter-web-2.0.4.RELEASE.jar;D:\software\mavenRepository\org\springframework\boot\spring-boot-starter-json\2.0.4.RELEASE\spring-boot-starter-json-2.0.4.RELEASE.jar;D:\software\mavenRepository\com\fasterxml\jackson\core\jackson-databind\2.9.6\jackson-databind-2.9.6.jar;D:\software\mavenRepository\com\fasterxml\jackson\core\jackson-annotations\2.9.0\jackson-annotations-2.9.0.jar;D:\software\mavenRepository\com\fasterxml\jackson\core\jackson-core\2.9.6\jackson-core-2.9.6.jar;D:\software\mavenRepository\com\fasterxml\jackson\datatype\jackson-datatype-jdk8\2.9.6\jackson-datatype-jdk8-2.9.6.jar;D:\software\mavenRepository\com\fasterxml\jackson\datatype\jackson-datatype-jsr310\2.9.6\jackson-datatype-jsr310-2.9.6.jar;D:\software\mavenRepository\com\fasterxml\jackson\module\jackson-module-parameter-names\2.9.6\jackson-module-parameter-names-2.9.6.jar;D:\software\mavenRepository\org\springframework\boot\spring-boot-starter-tomcat\2.0.4.RELEASE\spring-boot-starter-tomcat-2.0.4.RELEASE.jar;D:\software\mavenRepository\org\apache\tomcat\embed\tomcat-embed-core\8.5.32\tomcat-embed-core-8.5.32.jar;D:\software\mavenRepository\org\apache\tomcat\embed\tomcat-embed-el\8.5.32\tomcat-embed-el-8.5.32.jar;D:\software\mavenRepository\org\apache\tomcat\embed\tomcat-embed-websocket\8.5.32\tomcat-embed-websocket-8.5.32.jar;D:\software\mavenRepository\org\hibernate\validator\hibernate-validator\6.0.11.Final\hibernate-validator-6.0.11.Final.jar;D:\software\mavenRepository\javax\validation\validation-api\2.0.1.Final\validation-api-2.0.1.Final.jar;D:\software\mavenRepository\org\jboss\logging\jboss-logging\3.3.2.Final\jboss-logging-3.3.2.Final.jar;D:\software\mavenRepository\com\fasterxml\classmate\1.3.4\classmate-1.3.4.jar;D:\software\mavenRepository\org\springframework\spring-web\5.0.8.RELEASE\spring-web-5.0.8.RELEASE.jar;D:\software\mavenRepository\org\springframework\spring-beans\5.0.8.RELEASE\spring-beans-5.0.8.RELEASE.jar;D:\software\mavenRepository\org\springframework\spring-webmvc\5.0.8.RELEASE\spring-webmvc-5.0.8.RELEASE.jar;D:\software\mavenRepository\org\springframework\spring-aop\5.0.8.RELEASE\spring-aop-5.0.8.RELEASE.jar;D:\software\mavenRepository\org\springframework\spring-expression\5.0.8.RELEASE\spring-expression-5.0.8.RELEASE.jar;D:\software\mavenRepository\com\alibaba\druid\1.0.28\druid-1.0.28.jar;D:\software\JDK1.8\jre\..\lib\jconsole.jar;D:\software\JDK1.8\jre\..\lib\tools.jar;D:\software\mavenRepository\org\mybatis\spring\boot\mybatis-spring-boot-starter\1.3.0\mybatis-spring-boot-starter-1.3.0.jar;D:\software\mavenRepository\org\springframework\boot\spring-boot-starter-jdbc\2.0.4.RELEASE\spring-boot-starter-jdbc-2.0.4.RELEASE.jar;D:\software\mavenRepository\com\zaxxer\HikariCP\2.7.9\HikariCP-2.7.9.jar;D:\software\mavenRepository\org\springframework\spring-jdbc\5.0.8.RELEASE\spring-jdbc-5.0.8.RELEASE.jar;D:\software\mavenRepository\org\springframework\spring-tx\5.0.8.RELEASE\spring-tx-5.0.8.RELEASE.jar;D:\software\mavenRepository\org\mybatis\spring\boot\mybatis-spring-boot-autoconfigure\1.3.0\mybatis-spring-boot-autoconfigure-1.3.0.jar;D:\software\mavenRepository\org\mybatis\mybatis\3.4.4\mybatis-3.4.4.jar;D:\software\mavenRepository\org\mybatis\mybatis-spring\1.3.1\mybatis-spring-1.3.1.jar;D:\software\mavenRepository\mysql\mysql-connector-java\5.1.38\mysql-connector-java-5.1.38.jar;D:\software\mavenRepository\org\springframework\cloud\spring-cloud-commons\1.3.0.RELEASE\spring-cloud-commons-1.3.0.RELEASE.jar;D:\software\mavenRepository\org\springframework\security\spring-security-crypto\5.0.7.RELEASE\spring-security-crypto-5.0.7.RELEASE.jar;D:\software\mavenRepository\org\apache\httpcomponents\httpclient\4.5.6\httpclient-4.5.6.jar;D:\software\mavenRepository\org\apache\httpcomponents\httpcore\4.4.10\httpcore-4.4.10.jar;D:\software\mavenRepository\commons-codec\commons-codec\1.11\commons-codec-1.11.jar;D:\software\mavenRepository\org\springframework\cloud\spring-cloud-netflix-eureka-client\1.3.4.RELEASE\spring-cloud-netflix-eureka-client-1.3.4.RELEASE.jar;D:\software\mavenRepository\org\springframework\cloud\spring-cloud-netflix-core\1.3.4.RELEASE\spring-cloud-netflix-core-1.3.4.RELEASE.jar;, user.name=Irving, java.vm.specification.version=1.8, sun.java.command=C:\Users\irving.ma\AppData\Local\Temp\surefire5015183781992260368\surefirebooter305666716543776096.jar C:\Users\irving.ma\AppData\Local\Temp\surefire5015183781992260368 2019-08-15T16-11-40_839-jvmRun1 surefire6363980296375949716tmp surefire_04819108267639152152tmp, java.home=D:\software\JDK1.8\jre, sun.arch.data.model=64, user.language=zh, java.specification.vendor=Oracle Corporation, awt.toolkit=sun.awt.windows.WToolkit, java.vm.info=mixed mode, java.version=1.8.0_91, java.ext.dirs=D:\software\JDK1.8\jre\lib\ext;C:\Windows\Sun\Java\lib\ext, sun.boot.class.path=D:\software\JDK1.8\jre\lib\resources.jar;D:\software\JDK1.8\jre\lib\rt.jar;D:\software\JDK1.8\jre\lib\sunrsasign.jar;D:\software\JDK1.8\jre\lib\jsse.jar;D:\software\JDK1.8\jre\lib\jce.jar;D:\software\JDK1.8\jre\lib\charsets.jar;D:\software\JDK1.8\jre\lib\jfr.jar;D:\software\JDK1.8\jre\classes, java.vendor=Oracle Corporation, localRepository=D:\software\mavenRepository, file.separator=\, java.vendor.url.bug=http://bugreport.sun.com/bugreport/, sun.io.unicode.encoding=UnicodeLittle, sun.cpu.endian=little, sun.desktop=windows, sun.cpu.isalist=amd64}}, SystemEnvironmentPropertySource@1786364562 {name='systemEnvironment', properties={PATH=D:\software\XShell6\Xlpd 6\;D:\software\XShell6\Xshell 6\;D:\software\XShell6\Xmanager 6\;D:\software\JDK1.8\bin;C:\ProgramData\Oracle\Java\javapath;C:\Windows\system32;C:\Windows;C:\Windows\System32\Wbem;C:\Windows\System32\WindowsPowerShell\v1.0\;C:\Windows\System32\OpenSSH\;C:\Program Files (x86)\NVIDIA Corporation\PhysX\Common;D:\software\JDK1.8\bin;D:\software\apache-maven-3.3.9\bin;D:\software\mysql-8.0.12\bin;C:\Program Files\TortoiseSVN\bin;D:\software\mysql5.5\bin;D:\software\mysql-5.6.38-winx64\bin;D:\software\apache-ant-1.10.5\bin;D:\software\nodejs\;C:\Users\irving.ma\AppData\Local\Programs\Python\Python37\Scripts\;C:\Users\irving.ma\AppData\Local\Programs\Python\Python37\;D:\software\JDK1.8\bin;C:\ProgramData\Oracle\Java\javapath;C:\Windows\system32;C:\Windows;C:\Windows\System32\Wbem;C:\Windows\System32\WindowsPowerShell\v1.0\;C:\Windows\System32\OpenSSH\;C:\Program Files (x86)\NVIDIA Corporation\PhysX\Common;D:\software\apache-maven-3.3.9\bin;D:\software\mysql-8.0.12\bin;D:\software\nodejs\;C:\Program Files\TortoiseSVN\bin;C:\Users\irving.ma\AppData\Local\Microsoft\WindowsApps;C:\Users\irving.ma\AppData\Local\atom\bin;C:\Users\irving.ma\AppData\Local\Turbo\Cmd\;C:\Users\irving.ma\AppData\Roaming\npm, USERDOMAIN_ROAMINGPROFILE=IRVING, PROCESSOR_LEVEL=6, SYSTEMDRIVE=C:, SESSIONNAME=Console, ALLUSERSPROFILE=C:\ProgramData, PROCESSOR_ARCHITECTURE=AMD64, DRIVERDATA=C:\Windows\System32\Drivers\DriverData, MAVEN_HOME=D:\software\apache-maven-3.3.9, PROGRAMFILES=C:\Program Files, PSMODULEPATH=C:\Program Files\WindowsPowerShell\Modules;C:\Windows\system32\WindowsPowerShell\v1.0\Modules, PROGRAMDATA=C:\ProgramData, USERNAME=Irving, FPS_BROWSER_USER_PROFILE_STRING=Default, ONEDRIVE=D:\oneDrive'sProfile\OneDrive, PATHEXT=.COM;.EXE;.BAT;.CMD;.VBS;.VBE;.JS;.JSE;.WSF;.WSH;.MSC, ONEDRIVECONSUMER=D:\oneDrive'sProfile\OneDrive, WINDIR=C:\Windows, HOMEPATH=\Users\irving.ma, MYSQL_HOME=D:\software\mysql-5.6.38-winx64, PROCESSOR_IDENTIFIER=Intel64 Family 6 Model 94 Stepping 3, GenuineIntel, PUBLIC=C:\Users\Public, =::=::\, LOCALAPPDATA=C:\Users\irving.ma\AppData\Local, COMMONPROGRAMFILES(X86)=C:\Program Files (x86)\Common Files, USERDOMAIN=IRVING, FPS_BROWSER_APP_PROFILE_STRING=Internet Explorer, LOGONSERVER=\\IRVING, JAVA_HOME=D:\software\JDK1.8, PROMPT=$P$G, PROGRAMFILES(X86)=C:\Program Files (x86), ANT_HOME=D:\software\apache-ant-1.10.5, =C:=C:\Users\irving.ma\Desktop, APPDATA=C:\Users\irving.ma\AppData\Roaming, JAVA_HOME_LOCATION=D:\software\JDK1.8, PROGRAMW6432=C:\Program Files, SYSTEMROOT=C:\Windows, OS=Windows_NT, COMMONPROGRAMW6432=C:\Program Files\Common Files, COMPUTERNAME=IRVING, COMMONPROGRAMFILES=C:\Program Files\Common Files, COMSPEC=C:\Windows\system32\cmd.exe, PROCESSOR_REVISION=5e03, CLASSPATH=D:\software\apache-ant-1.10.5\lib, =D:=D:\Irving'sFiles\work\self-test\micro-service-master\service-web, TEMP=C:\Users\irving.ma\AppData\Local\Temp, HOMEDRIVE=C:, USERPROFILE=C:\Users\irving.ma, TMP=C:\Users\irving.ma\AppData\Local\Temp, NUMBER_OF_PROCESSORS=8}}]
16:11:43.147 [main] DEBUG org.springframework.core.io.support.PathMatchingResourcePatternResolver - Resolved classpath location [com/irving/] to resources [URL [file:/D:/Irving'sFiles/work/self-test/micro-service-master/service-web/target/test-classes/com/irving/], URL [file:/D:/Irving'sFiles/work/self-test/micro-service-master/service-web/target/classes/com/irving/]]
16:11:43.147 [main] DEBUG org.springframework.core.io.support.PathMatchingResourcePatternResolver - Looking for matching resources in directory tree [D:\Irving'sFiles\work\self-test\micro-service-master\service-web\target\test-classes\com\irving]
16:11:43.148 [main] DEBUG org.springframework.core.io.support.PathMatchingResourcePatternResolver - Searching directory [D:\Irving'sFiles\work\self-test\micro-service-master\service-web\target\test-classes\com\irving] for files matching pattern [D:/Irving'sFiles/work/self-test/micro-service-master/service-web/target/test-classes/com/irving/*.class]
16:11:43.152 [main] DEBUG org.springframework.core.io.support.PathMatchingResourcePatternResolver - Looking for matching resources in directory tree [D:\Irving'sFiles\work\self-test\micro-service-master\service-web\target\classes\com\irving]
16:11:43.153 [main] DEBUG org.springframework.core.io.support.PathMatchingResourcePatternResolver - Searching directory [D:\Irving'sFiles\work\self-test\micro-service-master\service-web\target\classes\com\irving] for files matching pattern [D:/Irving'sFiles/work/self-test/micro-service-master/service-web/target/classes/com/irving/*.class]
16:11:43.154 [main] DEBUG org.springframework.core.io.support.PathMatchingResourcePatternResolver - Resolved location pattern [classpath*:com/irving/*.class] to resources [file [D:\Irving'sFiles\work\self-test\micro-service-master\service-web\target\test-classes\com\irving\WebApplicationTests.class], file [D:\Irving'sFiles\work\self-test\micro-service-master\service-web\target\classes\com\irving\WebApplication.class]]
16:11:43.218 [main] DEBUG org.springframework.context.annotation.ClassPathScanningCandidateComponentProvider - Identified candidate component class: file [D:\Irving'sFiles\work\self-test\micro-service-master\service-web\target\classes\com\irving\WebApplication.class]
16:11:43.220 [main] INFO org.springframework.boot.test.context.SpringBootTestContextBootstrapper - Found @SpringBootConfiguration com.irving.WebApplication for test class com.irving.WebApplicationTests
16:11:43.353 [main] DEBUG org.springframework.boot.test.context.SpringBootTestContextBootstrapper - @TestExecutionListeners is not present for class [com.irving.WebApplicationTests]: using defaults.
16:11:43.354 [main] INFO org.springframework.boot.test.context.SpringBootTestContextBootstrapper - Loaded default TestExecutionListener class names from location [META-INF/spring.factories]: [org.springframework.boot.test.mock.mockito.MockitoTestExecutionListener, org.springframework.boot.test.mock.mockito.ResetMocksTestExecutionListener, org.springframework.boot.test.autoconfigure.restdocs.RestDocsTestExecutionListener, org.springframework.boot.test.autoconfigure.web.client.MockRestServiceServerResetTestExecutionListener, org.springframework.boot.test.autoconfigure.web.servlet.MockMvcPrintOnlyOnFailureTestExecutionListener, org.springframework.boot.test.autoconfigure.web.servlet.WebDriverTestExecutionListener, org.springframework.test.context.web.ServletTestExecutionListener, org.springframework.test.context.support.DirtiesContextBeforeModesTestExecutionListener, org.springframework.test.context.support.DependencyInjectionTestExecutionListener, org.springframework.test.context.support.DirtiesContextTestExecutionListener, org.springframework.test.context.transaction.TransactionalTestExecutionListener, org.springframework.test.context.jdbc.SqlScriptsTestExecutionListener]
16:11:43.378 [main] INFO org.springframework.boot.test.context.SpringBootTestContextBootstrapper - Using TestExecutionListeners: [org.springframework.test.context.web.ServletTestExecutionListener@ba2f4ec, org.springframework.test.context.support.DirtiesContextBeforeModesTestExecutionListener@1c1bbc4e, org.springframework.boot.test.mock.mockito.MockitoTestExecutionListener@55fe41ea, org.springframework.boot.test.autoconfigure.SpringBootDependencyInjectionTestExecutionListener@fbd1f6, org.springframework.test.context.support.DirtiesContextTestExecutionListener@1ce24091, org.springframework.test.context.transaction.TransactionalTestExecutionListener@5dda768f, org.springframework.test.context.jdbc.SqlScriptsTestExecutionListener@7a8c8dcf, org.springframework.boot.test.mock.mockito.ResetMocksTestExecutionListener@24269709, org.springframework.boot.test.autoconfigure.restdocs.RestDocsTestExecutionListener@2aceadd4, org.springframework.boot.test.autoconfigure.web.client.MockRestServiceServerResetTestExecutionListener@24aed80c, org.springframework.boot.test.autoconfigure.web.servlet.MockMvcPrintOnlyOnFailureTestExecutionListener@3a52dba3, org.springframework.boot.test.autoconfigure.web.servlet.WebDriverTestExecutionListener@2a5c8d3f]
16:11:43.381 [main] DEBUG org.springframework.test.annotation.ProfileValueUtils - Retrieved @ProfileValueSourceConfiguration [null] for test class [com.irving.WebApplicationTests]
16:11:43.382 [main] DEBUG org.springframework.test.annotation.ProfileValueUtils - Retrieved ProfileValueSource type [class org.springframework.test.annotation.SystemProfileValueSource] for class [com.irving.WebApplicationTests]
16:11:43.383 [main] DEBUG org.springframework.test.annotation.ProfileValueUtils - Retrieved @ProfileValueSourceConfiguration [null] for test class [com.irving.WebApplicationTests]
16:11:43.383 [main] DEBUG org.springframework.test.annotation.ProfileValueUtils - Retrieved ProfileValueSource type [class org.springframework.test.annotation.SystemProfileValueSource] for class [com.irving.WebApplicationTests]
16:11:43.384 [main] DEBUG org.springframework.test.annotation.ProfileValueUtils - Retrieved @ProfileValueSourceConfiguration [null] for test class [com.irving.WebApplicationTests]
16:11:43.384 [main] DEBUG org.springframework.test.annotation.ProfileValueUtils - Retrieved ProfileValueSource type [class org.springframework.test.annotation.SystemProfileValueSource] for class [com.irving.WebApplicationTests]
16:11:43.388 [main] DEBUG org.springframework.test.context.support.AbstractDirtiesContextTestExecutionListener - Before test class: context [DefaultTestContext@37ceb1df testClass = WebApplicationTests, testInstance = [null], testMethod = [null], testException = [null], mergedContextConfiguration = [WebMergedContextConfiguration@7c9d8e2 testClass = WebApplicationTests, locations = '{}', classes = '{class com.irving.WebApplication}', contextInitializerClasses = '[]', activeProfiles = '{}', propertySourceLocations = '{}', propertySourceProperties = '{org.springframework.boot.test.context.SpringBootTestContextBootstrapper=true}', contextCustomizers = set[org.springframework.boot.test.context.filter.ExcludeFilterContextCustomizer@4ae82894, org.springframework.boot.test.json.DuplicateJsonObjectContextCustomizerFactory$DuplicateJsonObjectContextCustomizer@1da51a35, org.springframework.boot.test.mock.mockito.MockitoContextCustomizer@0, org.springframework.boot.test.web.client.TestRestTemplateContextCustomizer@27fe3806, org.springframework.boot.test.autoconfigure.properties.PropertyMappingContextCustomizer@0, org.springframework.boot.test.autoconfigure.web.servlet.WebDriverContextCustomizerFactory$Customizer@530612ba], resourceBasePath = 'src/main/webapp', contextLoader = 'org.springframework.boot.test.context.SpringBootContextLoader', parent = [null]], attributes = map['org.springframework.test.context.web.ServletTestExecutionListener.activateListener' -> true]], class annotated with @DirtiesContext [false] with mode [null].
16:11:43.389 [main] DEBUG org.springframework.test.annotation.ProfileValueUtils - Retrieved @ProfileValueSourceConfiguration [null] for test class [com.irving.WebApplicationTests]
16:11:43.389 [main] DEBUG org.springframework.test.annotation.ProfileValueUtils - Retrieved ProfileValueSource type [class org.springframework.test.annotation.SystemProfileValueSource] for class [com.irving.WebApplicationTests]
16:11:43.409 [main] DEBUG org.springframework.core.env.StandardEnvironment - Adding PropertySource 'systemProperties' with lowest search precedence
16:11:43.409 [main] DEBUG org.springframework.core.env.StandardEnvironment - Adding PropertySource 'systemEnvironment' with lowest search precedence
16:11:43.409 [main] DEBUG org.springframework.core.env.StandardEnvironment - Initialized StandardEnvironment with PropertySources [MapPropertySource@1878169648 {name='systemProperties', properties={idea.version=2018.1.6, java.runtime.name=Java(TM) SE Runtime Environment, sun.boot.library.path=D:\software\JDK1.8\jre\bin, java.vm.version=25.91-b14, java.vm.vendor=Oracle Corporation, java.vendor.url=http://java.oracle.com/, path.separator=;, java.vm.name=Java HotSpot(TM) 64-Bit Server VM, file.encoding.pkg=sun.io, user.country=CN, user.script=, sun.java.launcher=SUN_STANDARD, sun.os.patch.level=, java.vm.specification.name=Java Virtual Machine Specification, user.dir=D:\Irving'sFiles\work\self-test\micro-service-master\service-web, java.runtime.version=1.8.0_91-b14, basedir=D:\Irving'sFiles\work\self-test\micro-service-master\service-web, java.awt.graphicsenv=sun.awt.Win32GraphicsEnvironment, java.endorsed.dirs=D:\software\JDK1.8\jre\lib\endorsed, os.arch=amd64, surefire.real.class.path=C:\Users\irving.ma\AppData\Local\Temp\surefire5015183781992260368\surefirebooter305666716543776096.jar, java.io.tmpdir=C:\Users\irving.ma\AppData\Local\Temp\, line.separator=
, java.vm.specification.vendor=Oracle Corporation, user.variant=, os.name=Windows 10, sun.jnu.encoding=GBK, java.library.path=D:\software\JDK1.8\jre\bin;C:\Windows\Sun\Java\bin;C:\Windows\system32;C:\Windows;D:\software\XShell6\Xlpd 6\;D:\software\XShell6\Xshell 6\;D:\software\XShell6\Xmanager 6\;D:\software\JDK1.8\bin;C:\ProgramData\Oracle\Java\javapath;C:\Windows\system32;C:\Windows;C:\Windows\System32\Wbem;C:\Windows\System32\WindowsPowerShell\v1.0\;C:\Windows\System32\OpenSSH\;C:\Program Files (x86)\NVIDIA Corporation\PhysX\Common;D:\software\JDK1.8\bin;D:\software\apache-maven-3.3.9\bin;D:\software\mysql-8.0.12\bin;C:\Program Files\TortoiseSVN\bin;D:\software\mysql5.5\bin;D:\software\mysql-5.6.38-winx64\bin;D:\software\apache-ant-1.10.5\bin;D:\software\nodejs\;C:\Users\irving.ma\AppData\Local\Programs\Python\Python37\Scripts\;C:\Users\irving.ma\AppData\Local\Programs\Python\Python37\;D:\software\JDK1.8\bin;C:\ProgramData\Oracle\Java\javapath;C:\Windows\system32;C:\Windows;C:\Windows\System32\Wbem;C:\Windows\System32\WindowsPowerShell\v1.0\;C:\Windows\System32\OpenSSH\;C:\Program Files (x86)\NVIDIA Corporation\PhysX\Common;D:\software\apache-maven-3.3.9\bin;D:\software\mysql-8.0.12\bin;D:\software\nodejs\;C:\Program Files\TortoiseSVN\bin;C:\Users\irving.ma\AppData\Local\Microsoft\WindowsApps;C:\Users\irving.ma\AppData\Local\atom\bin;C:\Users\irving.ma\AppData\Local\Turbo\Cmd\;C:\Users\irving.ma\AppData\Roaming\npm;., surefire.test.class.path=D:\Irving'sFiles\work\self-test\micro-service-master\service-web\target\test-classes;D:\Irving'sFiles\work\self-test\micro-service-master\service-web\target\classes;D:\software\mavenRepository\org\springframework\boot\spring-boot-starter\2.0.4.RELEASE\spring-boot-starter-2.0.4.RELEASE.jar;D:\software\mavenRepository\org\springframework\boot\spring-boot\2.0.4.RELEASE\spring-boot-2.0.4.RELEASE.jar;D:\software\mavenRepository\org\springframework\spring-context\5.0.8.RELEASE\spring-context-5.0.8.RELEASE.jar;D:\software\mavenRepository\org\springframework\boot\spring-boot-autoconfigure\2.0.4.RELEASE\spring-boot-autoconfigure-2.0.4.RELEASE.jar;D:\software\mavenRepository\org\springframework\boot\spring-boot-starter-logging\2.0.4.RELEASE\spring-boot-starter-logging-2.0.4.RELEASE.jar;D:\software\mavenRepository\ch\qos\logback\logback-classic\1.2.3\logback-classic-1.2.3.jar;D:\software\mavenRepository\ch\qos\logback\logback-core\1.2.3\logback-core-1.2.3.jar;D:\software\mavenRepository\org\apache\logging\log4j\log4j-to-slf4j\2.10.0\log4j-to-slf4j-2.10.0.jar;D:\software\mavenRepository\org\apache\logging\log4j\log4j-api\2.10.0\log4j-api-2.10.0.jar;D:\software\mavenRepository\org\slf4j\jul-to-slf4j\1.7.25\jul-to-slf4j-1.7.25.jar;D:\software\mavenRepository\javax\annotation\javax.annotation-api\1.3.2\javax.annotation-api-1.3.2.jar;D:\software\mavenRepository\org\springframework\spring-core\5.0.8.RELEASE\spring-core-5.0.8.RELEASE.jar;D:\software\mavenRepository\org\springframework\spring-jcl\5.0.8.RELEASE\spring-jcl-5.0.8.RELEASE.jar;D:\software\mavenRepository\org\yaml\snakeyaml\1.19\snakeyaml-1.19.jar;D:\software\mavenRepository\org\springframework\boot\spring-boot-starter-test\2.0.4.RELEASE\spring-boot-starter-test-2.0.4.RELEASE.jar;D:\software\mavenRepository\org\springframework\boot\spring-boot-test\2.0.4.RELEASE\spring-boot-test-2.0.4.RELEASE.jar;D:\software\mavenRepository\org\springframework\boot\spring-boot-test-autoconfigure\2.0.4.RELEASE\spring-boot-test-autoconfigure-2.0.4.RELEASE.jar;D:\software\mavenRepository\com\jayway\jsonpath\json-path\2.4.0\json-path-2.4.0.jar;D:\software\mavenRepository\net\minidev\json-smart\2.3\json-smart-2.3.jar;D:\software\mavenRepository\net\minidev\accessors-smart\1.2\accessors-smart-1.2.jar;D:\software\mavenRepository\org\ow2\asm\asm\5.0.4\asm-5.0.4.jar;D:\software\mavenRepository\org\slf4j\slf4j-api\1.7.25\slf4j-api-1.7.25.jar;D:\software\mavenRepository\junit\junit\4.12\junit-4.12.jar;D:\software\mavenRepository\org\assertj\assertj-core\3.9.1\assertj-core-3.9.1.jar;D:\software\mavenRepository\org\mockito\mockito-core\2.15.0\mockito-core-2.15.0.jar;D:\software\mavenRepository\net\bytebuddy\byte-buddy\1.7.11\byte-buddy-1.7.11.jar;D:\software\mavenRepository\net\bytebuddy\byte-buddy-agent\1.7.11\byte-buddy-agent-1.7.11.jar;D:\software\mavenRepository\org\objenesis\objenesis\2.6\objenesis-2.6.jar;D:\software\mavenRepository\org\hamcrest\hamcrest-core\1.3\hamcrest-core-1.3.jar;D:\software\mavenRepository\org\hamcrest\hamcrest-library\1.3\hamcrest-library-1.3.jar;D:\software\mavenRepository\org\skyscreamer\jsonassert\1.5.0\jsonassert-1.5.0.jar;D:\software\mavenRepository\com\vaadin\external\google\android-json\0.0.20131108.vaadin1\android-json-0.0.20131108.vaadin1.jar;D:\software\mavenRepository\org\springframework\spring-test\5.0.8.RELEASE\spring-test-5.0.8.RELEASE.jar;D:\software\mavenRepository\org\xmlunit\xmlunit-core\2.5.1\xmlunit-core-2.5.1.jar;D:\software\mavenRepository\org\springframework\boot\spring-boot-starter-web\2.0.4.RELEASE\spring-boot-starter-web-2.0.4.RELEASE.jar;D:\software\mavenRepository\org\springframework\boot\spring-boot-starter-json\2.0.4.RELEASE\spring-boot-starter-json-2.0.4.RELEASE.jar;D:\software\mavenRepository\com\fasterxml\jackson\core\jackson-databind\2.9.6\jackson-databind-2.9.6.jar;D:\software\mavenRepository\com\fasterxml\jackson\core\jackson-annotations\2.9.0\jackson-annotations-2.9.0.jar;D:\software\mavenRepository\com\fasterxml\jackson\core\jackson-core\2.9.6\jackson-core-2.9.6.jar;D:\software\mavenRepository\com\fasterxml\jackson\datatype\jackson-datatype-jdk8\2.9.6\jackson-datatype-jdk8-2.9.6.jar;D:\software\mavenRepository\com\fasterxml\jackson\datatype\jackson-datatype-jsr310\2.9.6\jackson-datatype-jsr310-2.9.6.jar;D:\software\mavenRepository\com\fasterxml\jackson\module\jackson-module-parameter-names\2.9.6\jackson-module-parameter-names-2.9.6.jar;D:\software\mavenRepository\org\springframework\boot\spring-boot-starter-tomcat\2.0.4.RELEASE\spring-boot-starter-tomcat-2.0.4.RELEASE.jar;D:\software\mavenRepository\org\apache\tomcat\embed\tomcat-embed-core\8.5.32\tomcat-embed-core-8.5.32.jar;D:\software\mavenRepository\org\apache\tomcat\embed\tomcat-embed-el\8.5.32\tomcat-embed-el-8.5.32.jar;D:\software\mavenRepository\org\apache\tomcat\embed\tomcat-embed-websocket\8.5.32\tomcat-embed-websocket-8.5.32.jar;D:\software\mavenRepository\org\hibernate\validator\hibernate-validator\6.0.11.Final\hibernate-validator-6.0.11.Final.jar;D:\software\mavenRepository\javax\validation\validation-api\2.0.1.Final\validation-api-2.0.1.Final.jar;D:\software\mavenRepository\org\jboss\logging\jboss-logging\3.3.2.Final\jboss-logging-3.3.2.Final.jar;D:\software\mavenRepository\com\fasterxml\classmate\1.3.4\classmate-1.3.4.jar;D:\software\mavenRepository\org\springframework\spring-web\5.0.8.RELEASE\spring-web-5.0.8.RELEASE.jar;D:\software\mavenRepository\org\springframework\spring-beans\5.0.8.RELEASE\spring-beans-5.0.8.RELEASE.jar;D:\software\mavenRepository\org\springframework\spring-webmvc\5.0.8.RELEASE\spring-webmvc-5.0.8.RELEASE.jar;D:\software\mavenRepository\org\springframework\spring-aop\5.0.8.RELEASE\spring-aop-5.0.8.RELEASE.jar;D:\software\mavenRepository\org\springframework\spring-expression\5.0.8.RELEASE\spring-expression-5.0.8.RELEASE.jar;D:\software\mavenRepository\com\alibaba\druid\1.0.28\druid-1.0.28.jar;D:\software\JDK1.8\jre\..\lib\jconsole.jar;D:\software\JDK1.8\jre\..\lib\tools.jar;D:\software\mavenRepository\org\mybatis\spring\boot\mybatis-spring-boot-starter\1.3.0\mybatis-spring-boot-starter-1.3.0.jar;D:\software\mavenRepository\org\springframework\boot\spring-boot-starter-jdbc\2.0.4.RELEASE\spring-boot-starter-jdbc-2.0.4.RELEASE.jar;D:\software\mavenRepository\com\zaxxer\HikariCP\2.7.9\HikariCP-2.7.9.jar;D:\software\mavenRepository\org\springframework\spring-jdbc\5.0.8.RELEASE\spring-jdbc-5.0.8.RELEASE.jar;D:\software\mavenRepository\org\springframework\spring-tx\5.0.8.RELEASE\spring-tx-5.0.8.RELEASE.jar;D:\software\mavenRepository\org\mybatis\spring\boot\mybatis-spring-boot-autoconfigure\1.3.0\mybatis-spring-boot-autoconfigure-1.3.0.jar;D:\software\mavenRepository\org\mybatis\mybatis\3.4.4\mybatis-3.4.4.jar;D:\software\mavenRepository\org\mybatis\mybatis-spring\1.3.1\mybatis-spring-1.3.1.jar;D:\software\mavenRepository\mysql\mysql-connector-java\5.1.38\mysql-connector-java-5.1.38.jar;D:\software\mavenRepository\org\springframework\cloud\spring-cloud-commons\1.3.0.RELEASE\spring-cloud-commons-1.3.0.RELEASE.jar;D:\software\mavenRepository\org\springframework\security\spring-security-crypto\5.0.7.RELEASE\spring-security-crypto-5.0.7.RELEASE.jar;D:\software\mavenRepository\org\apache\httpcomponents\httpclient\4.5.6\httpclient-4.5.6.jar;D:\software\mavenRepository\org\apache\httpcomponents\httpcore\4.4.10\httpcore-4.4.10.jar;D:\software\mavenRepository\commons-codec\commons-codec\1.11\commons-codec-1.11.jar;D:\software\mavenRepository\org\springframework\cloud\spring-cloud-netflix-eureka-client\1.3.4.RELEASE\spring-cloud-netflix-eureka-client-1.3.4.RELEASE.jar;D:\software\mavenRepository\org\springframework\cloud\spring-cloud-netflix-core\1.3.4.RELEASE\spring-cloud-netflix-core-1.3.4.RELEASE.jar;, java.specification.name=Java Platform API Specification, java.class.version=52.0, sun.management.compiler=HotSpot 64-Bit Tiered Compilers, maven.repo.local=D:\software\mavenRepository, os.version=10.0, user.home=C:\Users\irving.ma, user.timezone=Asia/Shanghai, java.awt.printerjob=sun.awt.windows.WPrinterJob, file.encoding=GBK, java.specification.version=1.8, java.class.path=D:\Irving'sFiles\work\self-test\micro-service-master\service-web\target\test-classes;D:\Irving'sFiles\work\self-test\micro-service-master\service-web\target\classes;D:\software\mavenRepository\org\springframework\boot\spring-boot-starter\2.0.4.RELEASE\spring-boot-starter-2.0.4.RELEASE.jar;D:\software\mavenRepository\org\springframework\boot\spring-boot\2.0.4.RELEASE\spring-boot-2.0.4.RELEASE.jar;D:\software\mavenRepository\org\springframework\spring-context\5.0.8.RELEASE\spring-context-5.0.8.RELEASE.jar;D:\software\mavenRepository\org\springframework\boot\spring-boot-autoconfigure\2.0.4.RELEASE\spring-boot-autoconfigure-2.0.4.RELEASE.jar;D:\software\mavenRepository\org\springframework\boot\spring-boot-starter-logging\2.0.4.RELEASE\spring-boot-starter-logging-2.0.4.RELEASE.jar;D:\software\mavenRepository\ch\qos\logback\logback-classic\1.2.3\logback-classic-1.2.3.jar;D:\software\mavenRepository\ch\qos\logback\logback-core\1.2.3\logback-core-1.2.3.jar;D:\software\mavenRepository\org\apache\logging\log4j\log4j-to-slf4j\2.10.0\log4j-to-slf4j-2.10.0.jar;D:\software\mavenRepository\org\apache\logging\log4j\log4j-api\2.10.0\log4j-api-2.10.0.jar;D:\software\mavenRepository\org\slf4j\jul-to-slf4j\1.7.25\jul-to-slf4j-1.7.25.jar;D:\software\mavenRepository\javax\annotation\javax.annotation-api\1.3.2\javax.annotation-api-1.3.2.jar;D:\software\mavenRepository\org\springframework\spring-core\5.0.8.RELEASE\spring-core-5.0.8.RELEASE.jar;D:\software\mavenRepository\org\springframework\spring-jcl\5.0.8.RELEASE\spring-jcl-5.0.8.RELEASE.jar;D:\software\mavenRepository\org\yaml\snakeyaml\1.19\snakeyaml-1.19.jar;D:\software\mavenRepository\org\springframework\boot\spring-boot-starter-test\2.0.4.RELEASE\spring-boot-starter-test-2.0.4.RELEASE.jar;D:\software\mavenRepository\org\springframework\boot\spring-boot-test\2.0.4.RELEASE\spring-boot-test-2.0.4.RELEASE.jar;D:\software\mavenRepository\org\springframework\boot\spring-boot-test-autoconfigure\2.0.4.RELEASE\spring-boot-test-autoconfigure-2.0.4.RELEASE.jar;D:\software\mavenRepository\com\jayway\jsonpath\json-path\2.4.0\json-path-2.4.0.jar;D:\software\mavenRepository\net\minidev\json-smart\2.3\json-smart-2.3.jar;D:\software\mavenRepository\net\minidev\accessors-smart\1.2\accessors-smart-1.2.jar;D:\software\mavenRepository\org\ow2\asm\asm\5.0.4\asm-5.0.4.jar;D:\software\mavenRepository\org\slf4j\slf4j-api\1.7.25\slf4j-api-1.7.25.jar;D:\software\mavenRepository\junit\junit\4.12\junit-4.12.jar;D:\software\mavenRepository\org\assertj\assertj-core\3.9.1\assertj-core-3.9.1.jar;D:\software\mavenRepository\org\mockito\mockito-core\2.15.0\mockito-core-2.15.0.jar;D:\software\mavenRepository\net\bytebuddy\byte-buddy\1.7.11\byte-buddy-1.7.11.jar;D:\software\mavenRepository\net\bytebuddy\byte-buddy-agent\1.7.11\byte-buddy-agent-1.7.11.jar;D:\software\mavenRepository\org\objenesis\objenesis\2.6\objenesis-2.6.jar;D:\software\mavenRepository\org\hamcrest\hamcrest-core\1.3\hamcrest-core-1.3.jar;D:\software\mavenRepository\org\hamcrest\hamcrest-library\1.3\hamcrest-library-1.3.jar;D:\software\mavenRepository\org\skyscreamer\jsonassert\1.5.0\jsonassert-1.5.0.jar;D:\software\mavenRepository\com\vaadin\external\google\android-json\0.0.20131108.vaadin1\android-json-0.0.20131108.vaadin1.jar;D:\software\mavenRepository\org\springframework\spring-test\5.0.8.RELEASE\spring-test-5.0.8.RELEASE.jar;D:\software\mavenRepository\org\xmlunit\xmlunit-core\2.5.1\xmlunit-core-2.5.1.jar;D:\software\mavenRepository\org\springframework\boot\spring-boot-starter-web\2.0.4.RELEASE\spring-boot-starter-web-2.0.4.RELEASE.jar;D:\software\mavenRepository\org\springframework\boot\spring-boot-starter-json\2.0.4.RELEASE\spring-boot-starter-json-2.0.4.RELEASE.jar;D:\software\mavenRepository\com\fasterxml\jackson\core\jackson-databind\2.9.6\jackson-databind-2.9.6.jar;D:\software\mavenRepository\com\fasterxml\jackson\core\jackson-annotations\2.9.0\jackson-annotations-2.9.0.jar;D:\software\mavenRepository\com\fasterxml\jackson\core\jackson-core\2.9.6\jackson-core-2.9.6.jar;D:\software\mavenRepository\com\fasterxml\jackson\datatype\jackson-datatype-jdk8\2.9.6\jackson-datatype-jdk8-2.9.6.jar;D:\software\mavenRepository\com\fasterxml\jackson\datatype\jackson-datatype-jsr310\2.9.6\jackson-datatype-jsr310-2.9.6.jar;D:\software\mavenRepository\com\fasterxml\jackson\module\jackson-module-parameter-names\2.9.6\jackson-module-parameter-names-2.9.6.jar;D:\software\mavenRepository\org\springframework\boot\spring-boot-starter-tomcat\2.0.4.RELEASE\spring-boot-starter-tomcat-2.0.4.RELEASE.jar;D:\software\mavenRepository\org\apache\tomcat\embed\tomcat-embed-core\8.5.32\tomcat-embed-core-8.5.32.jar;D:\software\mavenRepository\org\apache\tomcat\embed\tomcat-embed-el\8.5.32\tomcat-embed-el-8.5.32.jar;D:\software\mavenRepository\org\apache\tomcat\embed\tomcat-embed-websocket\8.5.32\tomcat-embed-websocket-8.5.32.jar;D:\software\mavenRepository\org\hibernate\validator\hibernate-validator\6.0.11.Final\hibernate-validator-6.0.11.Final.jar;D:\software\mavenRepository\javax\validation\validation-api\2.0.1.Final\validation-api-2.0.1.Final.jar;D:\software\mavenRepository\org\jboss\logging\jboss-logging\3.3.2.Final\jboss-logging-3.3.2.Final.jar;D:\software\mavenRepository\com\fasterxml\classmate\1.3.4\classmate-1.3.4.jar;D:\software\mavenRepository\org\springframework\spring-web\5.0.8.RELEASE\spring-web-5.0.8.RELEASE.jar;D:\software\mavenRepository\org\springframework\spring-beans\5.0.8.RELEASE\spring-beans-5.0.8.RELEASE.jar;D:\software\mavenRepository\org\springframework\spring-webmvc\5.0.8.RELEASE\spring-webmvc-5.0.8.RELEASE.jar;D:\software\mavenRepository\org\springframework\spring-aop\5.0.8.RELEASE\spring-aop-5.0.8.RELEASE.jar;D:\software\mavenRepository\org\springframework\spring-expression\5.0.8.RELEASE\spring-expression-5.0.8.RELEASE.jar;D:\software\mavenRepository\com\alibaba\druid\1.0.28\druid-1.0.28.jar;D:\software\JDK1.8\jre\..\lib\jconsole.jar;D:\software\JDK1.8\jre\..\lib\tools.jar;D:\software\mavenRepository\org\mybatis\spring\boot\mybatis-spring-boot-starter\1.3.0\mybatis-spring-boot-starter-1.3.0.jar;D:\software\mavenRepository\org\springframework\boot\spring-boot-starter-jdbc\2.0.4.RELEASE\spring-boot-starter-jdbc-2.0.4.RELEASE.jar;D:\software\mavenRepository\com\zaxxer\HikariCP\2.7.9\HikariCP-2.7.9.jar;D:\software\mavenRepository\org\springframework\spring-jdbc\5.0.8.RELEASE\spring-jdbc-5.0.8.RELEASE.jar;D:\software\mavenRepository\org\springframework\spring-tx\5.0.8.RELEASE\spring-tx-5.0.8.RELEASE.jar;D:\software\mavenRepository\org\mybatis\spring\boot\mybatis-spring-boot-autoconfigure\1.3.0\mybatis-spring-boot-autoconfigure-1.3.0.jar;D:\software\mavenRepository\org\mybatis\mybatis\3.4.4\mybatis-3.4.4.jar;D:\software\mavenRepository\org\mybatis\mybatis-spring\1.3.1\mybatis-spring-1.3.1.jar;D:\software\mavenRepository\mysql\mysql-connector-java\5.1.38\mysql-connector-java-5.1.38.jar;D:\software\mavenRepository\org\springframework\cloud\spring-cloud-commons\1.3.0.RELEASE\spring-cloud-commons-1.3.0.RELEASE.jar;D:\software\mavenRepository\org\springframework\security\spring-security-crypto\5.0.7.RELEASE\spring-security-crypto-5.0.7.RELEASE.jar;D:\software\mavenRepository\org\apache\httpcomponents\httpclient\4.5.6\httpclient-4.5.6.jar;D:\software\mavenRepository\org\apache\httpcomponents\httpcore\4.4.10\httpcore-4.4.10.jar;D:\software\mavenRepository\commons-codec\commons-codec\1.11\commons-codec-1.11.jar;D:\software\mavenRepository\org\springframework\cloud\spring-cloud-netflix-eureka-client\1.3.4.RELEASE\spring-cloud-netflix-eureka-client-1.3.4.RELEASE.jar;D:\software\mavenRepository\org\springframework\cloud\spring-cloud-netflix-core\1.3.4.RELEASE\spring-cloud-netflix-core-1.3.4.RELEASE.jar;, user.name=Irving, java.vm.specification.version=1.8, sun.java.command=C:\Users\irving.ma\AppData\Local\Temp\surefire5015183781992260368\surefirebooter305666716543776096.jar C:\Users\irving.ma\AppData\Local\Temp\surefire5015183781992260368 2019-08-15T16-11-40_839-jvmRun1 surefire6363980296375949716tmp surefire_04819108267639152152tmp, java.home=D:\software\JDK1.8\jre, sun.arch.data.model=64, user.language=zh, java.specification.vendor=Oracle Corporation, awt.toolkit=sun.awt.windows.WToolkit, java.vm.info=mixed mode, java.version=1.8.0_91, java.ext.dirs=D:\software\JDK1.8\jre\lib\ext;C:\Windows\Sun\Java\lib\ext, sun.boot.class.path=D:\software\JDK1.8\jre\lib\resources.jar;D:\software\JDK1.8\jre\lib\rt.jar;D:\software\JDK1.8\jre\lib\sunrsasign.jar;D:\software\JDK1.8\jre\lib\jsse.jar;D:\software\JDK1.8\jre\lib\jce.jar;D:\software\JDK1.8\jre\lib\charsets.jar;D:\software\JDK1.8\jre\lib\jfr.jar;D:\software\JDK1.8\jre\classes, java.vendor=Oracle Corporation, localRepository=D:\software\mavenRepository, file.separator=\, java.vendor.url.bug=http://bugreport.sun.com/bugreport/, sun.io.unicode.encoding=UnicodeLittle, sun.cpu.endian=little, sun.desktop=windows, sun.cpu.isalist=amd64}}, SystemEnvironmentPropertySource@1781241150 {name='systemEnvironment', properties={PATH=D:\software\XShell6\Xlpd 6\;D:\software\XShell6\Xshell 6\;D:\software\XShell6\Xmanager 6\;D:\software\JDK1.8\bin;C:\ProgramData\Oracle\Java\javapath;C:\Windows\system32;C:\Windows;C:\Windows\System32\Wbem;C:\Windows\System32\WindowsPowerShell\v1.0\;C:\Windows\System32\OpenSSH\;C:\Program Files (x86)\NVIDIA Corporation\PhysX\Common;D:\software\JDK1.8\bin;D:\software\apache-maven-3.3.9\bin;D:\software\mysql-8.0.12\bin;C:\Program Files\TortoiseSVN\bin;D:\software\mysql5.5\bin;D:\software\mysql-5.6.38-winx64\bin;D:\software\apache-ant-1.10.5\bin;D:\software\nodejs\;C:\Users\irving.ma\AppData\Local\Programs\Python\Python37\Scripts\;C:\Users\irving.ma\AppData\Local\Programs\Python\Python37\;D:\software\JDK1.8\bin;C:\ProgramData\Oracle\Java\javapath;C:\Windows\system32;C:\Windows;C:\Windows\System32\Wbem;C:\Windows\System32\WindowsPowerShell\v1.0\;C:\Windows\System32\OpenSSH\;C:\Program Files (x86)\NVIDIA Corporation\PhysX\Common;D:\software\apache-maven-3.3.9\bin;D:\software\mysql-8.0.12\bin;D:\software\nodejs\;C:\Program Files\TortoiseSVN\bin;C:\Users\irving.ma\AppData\Local\Microsoft\WindowsApps;C:\Users\irving.ma\AppData\Local\atom\bin;C:\Users\irving.ma\AppData\Local\Turbo\Cmd\;C:\Users\irving.ma\AppData\Roaming\npm, USERDOMAIN_ROAMINGPROFILE=IRVING, PROCESSOR_LEVEL=6, SYSTEMDRIVE=C:, SESSIONNAME=Console, ALLUSERSPROFILE=C:\ProgramData, PROCESSOR_ARCHITECTURE=AMD64, DRIVERDATA=C:\Windows\System32\Drivers\DriverData, MAVEN_HOME=D:\software\apache-maven-3.3.9, PROGRAMFILES=C:\Program Files, PSMODULEPATH=C:\Program Files\WindowsPowerShell\Modules;C:\Windows\system32\WindowsPowerShell\v1.0\Modules, PROGRAMDATA=C:\ProgramData, USERNAME=Irving, FPS_BROWSER_USER_PROFILE_STRING=Default, ONEDRIVE=D:\oneDrive'sProfile\OneDrive, PATHEXT=.COM;.EXE;.BAT;.CMD;.VBS;.VBE;.JS;.JSE;.WSF;.WSH;.MSC, ONEDRIVECONSUMER=D:\oneDrive'sProfile\OneDrive, WINDIR=C:\Windows, HOMEPATH=\Users\irving.ma, MYSQL_HOME=D:\software\mysql-5.6.38-winx64, PROCESSOR_IDENTIFIER=Intel64 Family 6 Model 94 Stepping 3, GenuineIntel, PUBLIC=C:\Users\Public, =::=::\, LOCALAPPDATA=C:\Users\irving.ma\AppData\Local, COMMONPROGRAMFILES(X86)=C:\Program Files (x86)\Common Files, USERDOMAIN=IRVING, FPS_BROWSER_APP_PROFILE_STRING=Internet Explorer, LOGONSERVER=\\IRVING, JAVA_HOME=D:\software\JDK1.8, PROMPT=$P$G, PROGRAMFILES(X86)=C:\Program Files (x86), ANT_HOME=D:\software\apache-ant-1.10.5, =C:=C:\Users\irving.ma\Desktop, APPDATA=C:\Users\irving.ma\AppData\Roaming, JAVA_HOME_LOCATION=D:\software\JDK1.8, PROGRAMW6432=C:\Program Files, SYSTEMROOT=C:\Windows, OS=Windows_NT, COMMONPROGRAMW6432=C:\Program Files\Common Files, COMPUTERNAME=IRVING, COMMONPROGRAMFILES=C:\Program Files\Common Files, COMSPEC=C:\Windows\system32\cmd.exe, PROCESSOR_REVISION=5e03, CLASSPATH=D:\software\apache-ant-1.10.5\lib, =D:=D:\Irving'sFiles\work\self-test\micro-service-master\service-web, TEMP=C:\Users\irving.ma\AppData\Local\Temp, HOMEDRIVE=C:, USERPROFILE=C:\Users\irving.ma, TMP=C:\Users\irving.ma\AppData\Local\Temp, NUMBER_OF_PROCESSORS=8}}]
16:11:43.413 [main] DEBUG org.springframework.test.context.support.TestPropertySourceUtils - Adding inlined properties to environment: {spring.jmx.enabled=false, org.springframework.boot.test.context.SpringBootTestContextBootstrapper=true, server.port=-1}
16:11:43.413 [main] DEBUG org.springframework.core.env.StandardEnvironment - Adding PropertySource 'Inlined Test Properties' with highest search precedence
16:11:43.473 [main] DEBUG org.springframework.boot.context.logging.ClasspathLoggingApplicationListener - Application failed to start with classpath: [file:/C:/Users/irving.ma/AppData/Local/Temp/surefire5015183781992260368/surefirebooter305666716543776096.jar]
16:11:43.488 [background-preinit] DEBUG org.jboss.logging - Logging Provider: org.jboss.logging.Log4j2LoggerProvider
16:11:43.489 [background-preinit] INFO org.hibernate.validator.internal.util.Version - HV000001: Hibernate Validator 6.0.11.Final
16:11:43.498 [background-preinit] DEBUG org.hibernate.validator.internal.engine.resolver.TraversableResolvers - Cannot find javax.persistence.Persistence on classpath. Assuming non JPA 2 environment. All properties will per default be traversable.
16:11:43.502 [background-preinit] DEBUG org.hibernate.validator.internal.xml.config.ValidationXmlParser - Trying to load META-INF/validation.xml for XML based Validator configuration.
16:11:43.504 [background-preinit] DEBUG org.hibernate.validator.internal.xml.config.ResourceLoaderHelper - Trying to load META-INF/validation.xml via TCCL
16:11:43.504 [background-preinit] DEBUG org.hibernate.validator.internal.xml.config.ResourceLoaderHelper - Trying to load META-INF/validation.xml via Hibernate Validator's class loader
16:11:43.505 [background-preinit] DEBUG org.hibernate.validator.internal.xml.config.ValidationXmlParser - No META-INF/validation.xml found. Using annotation based configuration only.
16:11:43.694 [background-preinit] DEBUG org.hibernate.validator.messageinterpolation.ResourceBundleMessageInterpolator - Loaded expression factory via original TCCL
16:11:43.700 [background-preinit] DEBUG org.hibernate.validator.internal.engine.ValidatorFactoryImpl - HV000234: Using org.hibernate.validator.messageinterpolation.ResourceBundleMessageInterpolator as ValidatorFactory-scoped message interpolator.
16:11:43.701 [background-preinit] DEBUG org.hibernate.validator.internal.engine.ValidatorFactoryImpl - HV000234: Using org.hibernate.validator.internal.engine.resolver.TraverseAllTraversableResolver as ValidatorFactory-scoped traversable resolver.
16:11:43.701 [background-preinit] DEBUG org.hibernate.validator.internal.engine.ValidatorFactoryImpl - HV000234: Using org.hibernate.validator.internal.util.ExecutableParameterNameProvider as ValidatorFactory-scoped parameter name provider.
16:11:43.701 [background-preinit] DEBUG org.hibernate.validator.internal.engine.ValidatorFactoryImpl - HV000234: Using org.hibernate.validator.internal.engine.DefaultClockProvider as ValidatorFactory-scoped clock provider.
16:11:43.701 [background-preinit] DEBUG org.hibernate.validator.internal.engine.ValidatorFactoryImpl - HV000234: Using org.hibernate.validator.internal.engine.scripting.DefaultScriptEvaluatorFactory as ValidatorFactory-scoped script evaluator factory.
16:11:44.185 [main] ERROR org.springframework.boot.SpringApplication - Application run failed
java.lang.NoClassDefFoundError: org/springframework/boot/bind/RelaxedDataBinder
	at org.springframework.cloud.client.HostInfoEnvironmentPostProcessor.getFirstNonLoopbackHostInfo(HostInfoEnvironmentPostProcessor.java:45)
	at org.springframework.cloud.client.HostInfoEnvironmentPostProcessor.postProcessEnvironment(HostInfoEnvironmentPostProcessor.java:34)
	at org.springframework.boot.context.config.ConfigFileApplicationListener.onApplicationEnvironmentPreparedEvent(ConfigFileApplicationListener.java:185)
	at org.springframework.boot.context.config.ConfigFileApplicationListener.onApplicationEvent(ConfigFileApplicationListener.java:171)
	at org.springframework.context.event.SimpleApplicationEventMulticaster.doInvokeListener(SimpleApplicationEventMulticaster.java:172)
	at org.springframework.context.event.SimpleApplicationEventMulticaster.invokeListener(SimpleApplicationEventMulticaster.java:165)
	at org.springframework.context.event.SimpleApplicationEventMulticaster.multicastEvent(SimpleApplicationEventMulticaster.java:139)
	at org.springframework.context.event.SimpleApplicationEventMulticaster.multicastEvent(SimpleApplicationEventMulticaster.java:127)
	at org.springframework.boot.context.event.EventPublishingRunListener.environmentPrepared(EventPublishingRunListener.java:74)
	at org.springframework.boot.SpringApplicationRunListeners.environmentPrepared(SpringApplicationRunListeners.java:54)
	at org.springframework.boot.SpringApplication.prepareEnvironment(SpringApplication.java:361)
	at org.springframework.boot.SpringApplication.run(SpringApplication.java:320)
	at org.springframework.boot.test.context.SpringBootContextLoader.loadContext(SpringBootContextLoader.java:139)
	at org.springframework.test.context.cache.DefaultCacheAwareContextLoaderDelegate.loadContextInternal(DefaultCacheAwareContextLoaderDelegate.java:99)
	at org.springframework.test.context.cache.DefaultCacheAwareContextLoaderDelegate.loadContext(DefaultCacheAwareContextLoaderDelegate.java:117)
	at org.springframework.test.context.support.DefaultTestContext.getApplicationContext(DefaultTestContext.java:108)
	at org.springframework.test.context.web.ServletTestExecutionListener.setUpRequestContextIfNecessary(ServletTestExecutionListener.java:190)
	at org.springframework.test.context.web.ServletTestExecutionListener.prepareTestInstance(ServletTestExecutionListener.java:132)
	at org.springframework.test.context.TestContextManager.prepareTestInstance(TestContextManager.java:246)
	at org.springframework.test.context.junit4.SpringJUnit4ClassRunner.createTest(SpringJUnit4ClassRunner.java:227)
	at org.springframework.test.context.junit4.SpringJUnit4ClassRunner$1.runReflectiveCall(SpringJUnit4ClassRunner.java:289)
	at org.junit.internal.runners.model.ReflectiveCallable.run(ReflectiveCallable.java:12)
	at org.springframework.test.context.junit4.SpringJUnit4ClassRunner.methodBlock(SpringJUnit4ClassRunner.java:291)
	at org.springframework.test.context.junit4.SpringJUnit4ClassRunner.runChild(SpringJUnit4ClassRunner.java:246)
	at org.springframework.test.context.junit4.SpringJUnit4ClassRunner.runChild(SpringJUnit4ClassRunner.java:97)
	at org.junit.runners.ParentRunner$3.run(ParentRunner.java:290)
	at org.junit.runners.ParentRunner$1.schedule(ParentRunner.java:71)
	at org.junit.runners.ParentRunner.runChildren(ParentRunner.java:288)
	at org.junit.runners.ParentRunner.access$000(ParentRunner.java:58)
	at org.junit.runners.ParentRunner$2.evaluate(ParentRunner.java:268)
	at org.springframework.test.context.junit4.statements.RunBeforeTestClassCallbacks.evaluate(RunBeforeTestClassCallbacks.java:61)
	at org.springframework.test.context.junit4.statements.RunAfterTestClassCallbacks.evaluate(RunAfterTestClassCallbacks.java:70)
	at org.junit.runners.ParentRunner.run(ParentRunner.java:363)
	at org.springframework.test.context.junit4.SpringJUnit4ClassRunner.run(SpringJUnit4ClassRunner.java:190)
	at org.apache.maven.surefire.junit4.JUnit4Provider.execute(JUnit4Provider.java:365)
	at org.apache.maven.surefire.junit4.JUnit4Provider.executeWithRerun(JUnit4Provider.java:273)
	at org.apache.maven.surefire.junit4.JUnit4Provider.executeTestSet(JUnit4Provider.java:238)
	at org.apache.maven.surefire.junit4.JUnit4Provider.invoke(JUnit4Provider.java:159)
	at org.apache.maven.surefire.booter.ForkedBooter.invokeProviderInSameClassLoader(ForkedBooter.java:379)
	at org.apache.maven.surefire.booter.ForkedBooter.runSuitesInProcess(ForkedBooter.java:340)
	at org.apache.maven.surefire.booter.ForkedBooter.execute(ForkedBooter.java:125)
	at org.apache.maven.surefire.booter.ForkedBooter.main(ForkedBooter.java:413)
Caused by: java.lang.ClassNotFoundException: org.springframework.boot.bind.RelaxedDataBinder
	at java.net.URLClassLoader.findClass(URLClassLoader.java:381)
	at java.lang.ClassLoader.loadClass(ClassLoader.java:424)
	at sun.misc.Launcher$AppClassLoader.loadClass(Launcher.java:331)
	at java.lang.ClassLoader.loadClass(ClassLoader.java:357)
	... 42 common frames omitted
16:11:44.187 [main] ERROR org.springframework.test.context.TestContextManager - Caught exception while allowing TestExecutionListener [org.springframework.test.context.web.ServletTestExecutionListener@ba2f4ec] to prepare test instance [com.irving.WebApplicationTests@67c33749]
java.lang.NoClassDefFoundError: org/springframework/boot/bind/RelaxedDataBinder
	at org.springframework.cloud.client.HostInfoEnvironmentPostProcessor.getFirstNonLoopbackHostInfo(HostInfoEnvironmentPostProcessor.java:45)
	at org.springframework.cloud.client.HostInfoEnvironmentPostProcessor.postProcessEnvironment(HostInfoEnvironmentPostProcessor.java:34)
	at org.springframework.boot.context.config.ConfigFileApplicationListener.onApplicationEnvironmentPreparedEvent(ConfigFileApplicationListener.java:185)
	at org.springframework.boot.context.config.ConfigFileApplicationListener.onApplicationEvent(ConfigFileApplicationListener.java:171)
	at org.springframework.context.event.SimpleApplicationEventMulticaster.doInvokeListener(SimpleApplicationEventMulticaster.java:172)
	at org.springframework.context.event.SimpleApplicationEventMulticaster.invokeListener(SimpleApplicationEventMulticaster.java:165)
	at org.springframework.context.event.SimpleApplicationEventMulticaster.multicastEvent(SimpleApplicationEventMulticaster.java:139)
	at org.springframework.context.event.SimpleApplicationEventMulticaster.multicastEvent(SimpleApplicationEventMulticaster.java:127)
	at org.springframework.boot.context.event.EventPublishingRunListener.environmentPrepared(EventPublishingRunListener.java:74)
	at org.springframework.boot.SpringApplicationRunListeners.environmentPrepared(SpringApplicationRunListeners.java:54)
	at org.springframework.boot.SpringApplication.prepareEnvironment(SpringApplication.java:361)
	at org.springframework.boot.SpringApplication.run(SpringApplication.java:320)
	at org.springframework.boot.test.context.SpringBootContextLoader.loadContext(SpringBootContextLoader.java:139)
	at org.springframework.test.context.cache.DefaultCacheAwareContextLoaderDelegate.loadContextInternal(DefaultCacheAwareContextLoaderDelegate.java:99)
	at org.springframework.test.context.cache.DefaultCacheAwareContextLoaderDelegate.loadContext(DefaultCacheAwareContextLoaderDelegate.java:117)
	at org.springframework.test.context.support.DefaultTestContext.getApplicationContext(DefaultTestContext.java:108)
	at org.springframework.test.context.web.ServletTestExecutionListener.setUpRequestContextIfNecessary(ServletTestExecutionListener.java:190)
	at org.springframework.test.context.web.ServletTestExecutionListener.prepareTestInstance(ServletTestExecutionListener.java:132)
	at org.springframework.test.context.TestContextManager.prepareTestInstance(TestContextManager.java:246)
	at org.springframework.test.context.junit4.SpringJUnit4ClassRunner.createTest(SpringJUnit4ClassRunner.java:227)
	at org.springframework.test.context.junit4.SpringJUnit4ClassRunner$1.runReflectiveCall(SpringJUnit4ClassRunner.java:289)
	at org.junit.internal.runners.model.ReflectiveCallable.run(ReflectiveCallable.java:12)
	at org.springframework.test.context.junit4.SpringJUnit4ClassRunner.methodBlock(SpringJUnit4ClassRunner.java:291)
	at org.springframework.test.context.junit4.SpringJUnit4ClassRunner.runChild(SpringJUnit4ClassRunner.java:246)
	at org.springframework.test.context.junit4.SpringJUnit4ClassRunner.runChild(SpringJUnit4ClassRunner.java:97)
	at org.junit.runners.ParentRunner$3.run(ParentRunner.java:290)
	at org.junit.runners.ParentRunner$1.schedule(ParentRunner.java:71)
	at org.junit.runners.ParentRunner.runChildren(ParentRunner.java:288)
	at org.junit.runners.ParentRunner.access$000(ParentRunner.java:58)
	at org.junit.runners.ParentRunner$2.evaluate(ParentRunner.java:268)
	at org.springframework.test.context.junit4.statements.RunBeforeTestClassCallbacks.evaluate(RunBeforeTestClassCallbacks.java:61)
	at org.springframework.test.context.junit4.statements.RunAfterTestClassCallbacks.evaluate(RunAfterTestClassCallbacks.java:70)
	at org.junit.runners.ParentRunner.run(ParentRunner.java:363)
	at org.springframework.test.context.junit4.SpringJUnit4ClassRunner.run(SpringJUnit4ClassRunner.java:190)
	at org.apache.maven.surefire.junit4.JUnit4Provider.execute(JUnit4Provider.java:365)
	at org.apache.maven.surefire.junit4.JUnit4Provider.executeWithRerun(JUnit4Provider.java:273)
	at org.apache.maven.surefire.junit4.JUnit4Provider.executeTestSet(JUnit4Provider.java:238)
	at org.apache.maven.surefire.junit4.JUnit4Provider.invoke(JUnit4Provider.java:159)
	at org.apache.maven.surefire.booter.ForkedBooter.invokeProviderInSameClassLoader(ForkedBooter.java:379)
	at org.apache.maven.surefire.booter.ForkedBooter.runSuitesInProcess(ForkedBooter.java:340)
	at org.apache.maven.surefire.booter.ForkedBooter.execute(ForkedBooter.java:125)
	at org.apache.maven.surefire.booter.ForkedBooter.main(ForkedBooter.java:413)
Caused by: java.lang.ClassNotFoundException: org.springframework.boot.bind.RelaxedDataBinder
	at java.net.URLClassLoader.findClass(URLClassLoader.java:381)
	at java.lang.ClassLoader.loadClass(ClassLoader.java:424)
	at sun.misc.Launcher$AppClassLoader.loadClass(Launcher.java:331)
	at java.lang.ClassLoader.loadClass(ClassLoader.java:357)
	... 42 common frames omitted
]]></system-out>
  </testcase>
</testsuite>